<?xml version="1.0" encoding="UTF-8"?>
<robot generator="Robot 7.4.1 (Python 3.13.2 on win32)" generated="2026-01-31T02:46:31.663219" rpa="false" schemaversion="5">
<suite id="s1" name="TEST1" source="C:\Users\LENOVO\Desktop\ttb_test\Tests\Test_2\TEST1.robot">
<test id="s1-t1" name="TEST1 Login Success" line="18">
<kw name="Open Browser" owner="Browser">
<msg time="2026-01-31T02:46:32.030314" level="WARN">Open Browser is for quick experimentation and debugging only. Use New Page for production.</msg>
<msg time="2026-01-31T02:46:32.031087" level="INFO">{"browser": "chromium", "headless": true, "chromiumSandbox": false, "devtools": false, "handleSIGHUP": true, "handleSIGINT": true, "handleSIGTERM": true, "slowMo": 0.0, "timeout": 30000.0, "tracesDir": "C:\\Users\\LENOVO\\Desktop\\ttb_test\\Tests\\Test_2\\results\\TEST1\\browser\\traces\\temp\\f2fd789a-65ed-4077-865e-fcf131a31cc6"}</msg>
<msg time="2026-01-31T02:46:32.070465" level="INFO">Starting Browser process C:\Users\LENOVO\Desktop\ttb_test\.venv\Lib\site-packages\Browser\wrapper\index.js using at 127.0.0.1:59650</msg>
<msg time="2026-01-31T02:46:33.527594" level="INFO">Successfully created browser with options: {"browser":"chromium","headless":true,"chromiumSandbox":false,"devtools":false,"handleSIGHUP":true,"handleSIGINT":true,"handleSIGTERM":true,"slowMo":0,"timeout":30000,"tracesDir":"C:\\Users\\LENOVO\\Desktop\\ttb_test\\Tests\\Test_2\\results\\TEST1\\browser\\traces\\temp\\f2fd789a-65ed-4077-865e-fcf131a31cc6"}</msg>
<msg time="2026-01-31T02:46:33.529219" level="INFO">{
  "acceptDownloads": true,
  "bypassCSP": true,
  "forcedColors": "none",
  "ignoreHTTPSErrors": false,
  "javaScriptEnabled": true,
  "offline": false,
  "reducedMotion": "no-preference",
  "serviceWorkers": "allow",
  "viewport": {
    "width": 1280,
    "height": 720
  }
}</msg>
<msg time="2026-01-31T02:46:33.569803" level="INFO">Successfully created context. </msg>
<msg time="2026-01-31T02:46:33.570037" level="INFO">{'acceptDownloads': True, 'bypassCSP': True, 'forcedColors': 'none', 'ignoreHTTPSErrors': False, 'javaScriptEnabled': True, 'offline': False, 'reducedMotion': 'no-preference', 'serviceWorkers': 'allow', 'viewport': {'width': 1280, 'height': 720}}</msg>
<msg time="2026-01-31T02:46:37.968833" level="INFO">Successfully initialized new page object and opened url: http://the-internet.herokuapp.com/login</msg>
<arg>url=${URL}</arg>
<arg>browser=${BROWSER}</arg>
<arg>headless=${True}</arg>
<arg>pause_on_failure=${False}</arg>
<tag>BrowserControl</tag>
<tag>Setter</tag>
<doc>Opens a new browser instance. Use this keyword for quick experiments or debugging sessions.</doc>
<status status="PASS" start="2026-01-31T02:46:32.028859" elapsed="5.940237"/>
</kw>
<kw name="Login Page - Verify Login Page">
<kw name="Wait For Elements State" owner="Browser">
<msg time="2026-01-31T02:46:38.073569" level="INFO">Waited for Element with selector css=h2:has-text('Login Page') at state stable</msg>
<arg>selector=${LABEL_LOGINPAGE_HEADER}</arg>
<arg>state=stable</arg>
<arg>timeout=${TIMEOUT}</arg>
<arg>message=❌ Not found 'Login header label' in Login Page within ${TIMEOUT}</arg>
<tag>PageContent</tag>
<tag>Wait</tag>
<doc>Waits for the element found by ``selector`` to satisfy state option.</doc>
<status status="PASS" start="2026-01-31T02:46:37.970434" elapsed="0.103432"/>
</kw>
<kw name="Wait For Elements State" owner="Browser">
<msg time="2026-01-31T02:46:38.104787" level="INFO">Waited for Element with selector css=h4.subheader at state stable</msg>
<arg>selector=${LABEL_LOGINPAGE_SUBHEADER}</arg>
<arg>state=stable</arg>
<arg>timeout=${TIMEOUT}</arg>
<arg>message=❌ Not found 'Login subheader label' in Login Page within ${TIMEOUT}</arg>
<tag>PageContent</tag>
<tag>Wait</tag>
<doc>Waits for the element found by ``selector`` to satisfy state option.</doc>
<status status="PASS" start="2026-01-31T02:46:38.074385" elapsed="0.030550"/>
</kw>
<status status="PASS" start="2026-01-31T02:46:37.969672" elapsed="0.135380"/>
</kw>
<kw name="Login Page - Input Username And Password">
<kw name="Wait For Elements State" owner="Browser">
<msg time="2026-01-31T02:46:38.137447" level="INFO">Waited for Element with selector css=label[for='username']:has-text('Username') at state stable</msg>
<arg>selector=${LABEL_LOGINPAGE_USERNAME}</arg>
<arg>state=stable</arg>
<arg>timeout=${TIMEOUT}</arg>
<arg>message=❌ Not found 'username label' in Login Page within ${TIMEOUT}</arg>
<tag>PageContent</tag>
<tag>Wait</tag>
<doc>Waits for the element found by ``selector`` to satisfy state option.</doc>
<status status="PASS" start="2026-01-31T02:46:38.105886" elapsed="0.031707"/>
</kw>
<kw name="Wait For Elements State" owner="Browser">
<msg time="2026-01-31T02:46:38.171246" level="INFO">Waited for Element with selector css=input[id='username'] at state stable</msg>
<arg>selector=${FIELD_LOGINPAGE_USERNAME}</arg>
<arg>state=stable</arg>
<arg>timeout=${TIMEOUT}</arg>
<arg>message=❌ Not found 'username input field' in Login Page within ${TIMEOUT}</arg>
<tag>PageContent</tag>
<tag>Wait</tag>
<doc>Waits for the element found by ``selector`` to satisfy state option.</doc>
<status status="PASS" start="2026-01-31T02:46:38.137773" elapsed="0.033612"/>
</kw>
<kw name="Type Text" owner="Browser">
<msg time="2026-01-31T02:46:38.172118" level="INFO">Types the text 'tomsmith' in the given field.</msg>
<arg>selector=${FIELD_LOGINPAGE_USERNAME}</arg>
<arg>txt=${username}</arg>
<tag>PageContent</tag>
<tag>Setter</tag>
<doc>Types the given ``txt`` into the text field found by ``selector``.</doc>
<status status="PASS" start="2026-01-31T02:46:38.171548" elapsed="0.061641"/>
</kw>
<kw name="Wait For Elements State" owner="Browser">
<msg time="2026-01-31T02:46:38.271524" level="INFO">Waited for Element with selector css=label[for='password']:has-text('Password') at state stable</msg>
<arg>selector=${LABEL_LOGINPAGE_PASSWORD}</arg>
<arg>state=stable</arg>
<arg>timeout=${TIMEOUT}</arg>
<arg>message=❌ Not found 'password label' in Login Page within ${TIMEOUT}</arg>
<tag>PageContent</tag>
<tag>Wait</tag>
<doc>Waits for the element found by ``selector`` to satisfy state option.</doc>
<status status="PASS" start="2026-01-31T02:46:38.233366" elapsed="0.038312"/>
</kw>
<kw name="Wait For Elements State" owner="Browser">
<msg time="2026-01-31T02:46:38.304122" level="INFO">Waited for Element with selector css=input[id='password'] at state stable</msg>
<arg>selector=${FIELD_LOGINPAGE_PASSWORD}</arg>
<arg>state=stable</arg>
<arg>timeout=${TIMEOUT}</arg>
<arg>message=❌ Not found 'password input field' in Login Page within ${TIMEOUT}</arg>
<tag>PageContent</tag>
<tag>Wait</tag>
<doc>Waits for the element found by ``selector`` to satisfy state option.</doc>
<status status="PASS" start="2026-01-31T02:46:38.271852" elapsed="0.032409"/>
</kw>
<kw name="Type Text" owner="Browser">
<msg time="2026-01-31T02:46:38.305019" level="INFO">Types the text 'SuperSecretPassword!' in the given field.</msg>
<arg>selector=${FIELD_LOGINPAGE_PASSWORD}</arg>
<arg>txt=${password}</arg>
<tag>PageContent</tag>
<tag>Setter</tag>
<doc>Types the given ``txt`` into the text field found by ``selector``.</doc>
<status status="PASS" start="2026-01-31T02:46:38.304430" elapsed="0.030525"/>
</kw>
<arg>username=${USERNAME}</arg>
<arg>password=${PASSWORD}</arg>
<status status="PASS" start="2026-01-31T02:46:38.105397" elapsed="0.229683"/>
</kw>
<kw name="Login Page - Click Login Button">
<kw name="Wait For Elements State" owner="Browser">
<msg time="2026-01-31T02:46:38.371029" level="INFO">Waited for Element with selector css=button.radius:has-text(' Login') at state stable</msg>
<arg>selector=${BUTTON_LOGINPAGE_LOGIN}</arg>
<arg>state=stable</arg>
<arg>timeout=${TIMEOUT}</arg>
<arg>message=❌ Not found 'login button' in Login Page within ${TIMEOUT}</arg>
<tag>PageContent</tag>
<tag>Wait</tag>
<doc>Waits for the element found by ``selector`` to satisfy state option.</doc>
<status status="PASS" start="2026-01-31T02:46:38.335794" elapsed="0.035382"/>
</kw>
<try>
<branch type="TRY">
<kw name="Click" owner="Browser">
<msg time="2026-01-31T02:46:38.372348" level="INFO">Clicks the element 'css=button.radius:has-text(' Login')'.</msg>
<arg>selector=${BUTTON_LOGINPAGE_LOGIN}</arg>
<arg>button=left</arg>
<tag>PageContent</tag>
<tag>Setter</tag>
<doc>Simulates mouse click on the element found by ``selector``.</doc>
<status status="PASS" start="2026-01-31T02:46:38.371791" elapsed="0.628550"/>
</kw>
<status status="PASS" start="2026-01-31T02:46:38.371358" elapsed="0.629073"/>
</branch>
<branch type="EXCEPT">
<kw name="Fail" owner="BuiltIn">
<arg>msg=❌ Not found 'login button' in Login Page within ${TIMEOUT}</arg>
<doc>Fails the test with the given message and optionally alters its tags.</doc>
<status status="NOT RUN" start="2026-01-31T02:46:39.000902" elapsed="0.000109"/>
</kw>
<status status="NOT RUN" start="2026-01-31T02:46:39.000510" elapsed="0.000550"/>
</branch>
<status status="PASS" start="2026-01-31T02:46:38.371300" elapsed="0.629834"/>
</try>
<status status="PASS" start="2026-01-31T02:46:38.335395" elapsed="0.665848"/>
</kw>
<kw name="Secure Area Page - Verify Secure Area Page">
<kw name="Wait For Elements State" owner="Browser">
<msg time="2026-01-31T02:46:39.073526" level="INFO">Waited for Element with selector css=h2:has-text(' Secure Area') at state stable</msg>
<arg>selector=${LABEL_SECURE_AREA_HEADER}</arg>
<arg>state=stable</arg>
<arg>timeout=${TIMEOUT}</arg>
<arg>message=❌ Not found 'username label' in Login Page within ${TIMEOUT}</arg>
<tag>PageContent</tag>
<tag>Wait</tag>
<doc>Waits for the element found by ``selector`` to satisfy state option.</doc>
<status status="PASS" start="2026-01-31T02:46:39.002065" elapsed="0.071913"/>
</kw>
<kw name="Wait For Elements State" owner="Browser">
<msg time="2026-01-31T02:46:39.103477" level="INFO">Waited for Element with selector css=h4.subheader at state stable</msg>
<arg>selector=${LABEL_SECURE_AREA_SUBHEADER}</arg>
<arg>state=stable</arg>
<arg>timeout=${TIMEOUT}</arg>
<arg>message=❌ Not found 'username label' in Login Page within ${TIMEOUT}</arg>
<tag>PageContent</tag>
<tag>Wait</tag>
<doc>Waits for the element found by ``selector`` to satisfy state option.</doc>
<status status="PASS" start="2026-01-31T02:46:39.074550" elapsed="0.029068"/>
</kw>
<status status="PASS" start="2026-01-31T02:46:39.001560" elapsed="0.102168"/>
</kw>
<kw name="Secure Area Page - Validate Alert Login Success">
<kw name="Wait For Elements State" owner="Browser">
<msg time="2026-01-31T02:46:39.109018" level="INFO">Waited for Element with selector css=div[class='flash success'] at state visible</msg>
<arg>selector=${LABEL_SECURE_AREA_ALERT_SUCCESS}</arg>
<tag>PageContent</tag>
<tag>Wait</tag>
<doc>Waits for the element found by ``selector`` to satisfy state option.</doc>
<status status="PASS" start="2026-01-31T02:46:39.104382" elapsed="0.004773"/>
</kw>
<kw name="Get Text" owner="Browser">
<msg time="2026-01-31T02:46:39.125078" level="INFO">Text: ' You logged into a secure area!\n×'</msg>
<msg time="2026-01-31T02:46:39.125244" level="INFO">${Result_Actual_Text} =  You logged into a secure area!
×</msg>
<var>${Result_Actual_Text}</var>
<arg>selector=${LABEL_SECURE_AREA_ALERT_SUCCESS}</arg>
<arg>message=❌ Cannot get text from 'alert login success label' in Secure Area Page</arg>
<tag>Assertion</tag>
<tag>Getter</tag>
<tag>PageContent</tag>
<doc>Returns text attribute of the element found by ``selector``.</doc>
<status status="PASS" start="2026-01-31T02:46:39.109312" elapsed="0.015965"/>
</kw>
<kw name="Evaluate" owner="BuiltIn">
<msg time="2026-01-31T02:46:39.126058" level="INFO">${Actual_Alert_Text} = You logged into a secure area!</msg>
<var>${Actual_Alert_Text}</var>
<arg>expression="""${Result_Actual_Text}""".strip().split('\\n')[0].replace('×', '').strip()</arg>
<doc>Evaluates the given expression in Python and returns the result.</doc>
<status status="PASS" start="2026-01-31T02:46:39.125438" elapsed="0.000649"/>
</kw>
<kw name="Should Be Equal As Strings" owner="BuiltIn">
<arg>first=${Actual_Alert_Text}</arg>
<arg>second=${LABEL_ALERT_LOGIN_SUCCESS}</arg>
<arg>msg=❌ Alert text did not match\nExpected text: ${LABEL_ALERT_LOGIN_SUCCESS}\nActual text: ${Actual_Alert_Text}\n</arg>
<doc>Fails if objects are unequal after converting them to strings.</doc>
<status status="PASS" start="2026-01-31T02:46:39.126199" elapsed="0.000501"/>
</kw>
<status status="PASS" start="2026-01-31T02:46:39.103977" elapsed="0.022801"/>
</kw>
<kw name="Secure Area Page - Click Logout Button">
<kw name="Wait For Elements State" owner="Browser">
<msg time="2026-01-31T02:46:39.170555" level="INFO">Waited for Element with selector css=a[class='button secondary radius'] i:has-text(' Logout') at state stable</msg>
<arg>selector=${BUTTON_LOGOUT}</arg>
<arg>state=stable</arg>
<arg>timeout=${TIMEOUT}</arg>
<arg>message=❌ Not found 'logout button' in Login Page within ${TIMEOUT}</arg>
<tag>PageContent</tag>
<tag>Wait</tag>
<doc>Waits for the element found by ``selector`` to satisfy state option.</doc>
<status status="PASS" start="2026-01-31T02:46:39.127367" elapsed="0.043335"/>
</kw>
<try>
<branch type="TRY">
<kw name="Click" owner="Browser">
<msg time="2026-01-31T02:46:39.171612" level="INFO">Clicks the element 'css=a[class='button secondary radius'] i:has-text(' Logout')'.</msg>
<arg>selector=${BUTTON_LOGOUT}</arg>
<arg>button=left</arg>
<tag>PageContent</tag>
<tag>Setter</tag>
<doc>Simulates mouse click on the element found by ``selector``.</doc>
<status status="PASS" start="2026-01-31T02:46:39.171110" elapsed="0.615162"/>
</kw>
<status status="PASS" start="2026-01-31T02:46:39.170850" elapsed="0.615544"/>
</branch>
<branch type="EXCEPT">
<kw name="Fail" owner="BuiltIn">
<arg>msg=❌ Not found 'logout button' in Login Page within ${TIMEOUT}</arg>
<doc>Fails the test with the given message and optionally alters its tags.</doc>
<status status="NOT RUN" start="2026-01-31T02:46:39.786937" elapsed="0.000252"/>
</kw>
<status status="NOT RUN" start="2026-01-31T02:46:39.786466" elapsed="0.000805"/>
</branch>
<status status="PASS" start="2026-01-31T02:46:39.170808" elapsed="0.616519"/>
</try>
<status status="PASS" start="2026-01-31T02:46:39.127054" elapsed="0.660343"/>
</kw>
<kw name="Login Page - Validate Alert Logout Success">
<kw name="Wait For Elements State" owner="Browser">
<msg time="2026-01-31T02:46:39.801180" level="INFO">Waited for Element with selector css=div[class='flash success'] at state visible</msg>
<arg>selector=${LABEL_LOGINPAGE_ALERT_SUCCESS}</arg>
<tag>PageContent</tag>
<tag>Wait</tag>
<doc>Waits for the element found by ``selector`` to satisfy state option.</doc>
<status status="PASS" start="2026-01-31T02:46:39.788167" elapsed="0.013154"/>
</kw>
<kw name="Get Text" owner="Browser">
<msg time="2026-01-31T02:46:39.822484" level="INFO">Text: ' You logged out of the secure area!\n×'</msg>
<msg time="2026-01-31T02:46:39.822616" level="INFO">${Result_Actual_Text} =  You logged out of the secure area!
×</msg>
<var>${Result_Actual_Text}</var>
<arg>selector=${LABEL_LOGINPAGE_ALERT_SUCCESS}</arg>
<arg>message=❌ Cannot get text from 'alert logout success label' in Login Page</arg>
<tag>Assertion</tag>
<tag>Getter</tag>
<tag>PageContent</tag>
<doc>Returns text attribute of the element found by ``selector``.</doc>
<status status="PASS" start="2026-01-31T02:46:39.801478" elapsed="0.021168"/>
</kw>
<kw name="Evaluate" owner="BuiltIn">
<msg time="2026-01-31T02:46:39.823347" level="INFO">${Actual_Alert_Text} = You logged out of the secure area!</msg>
<var>${Actual_Alert_Text}</var>
<arg>expression="""${Result_Actual_Text}""".strip().split('\\n')[0].replace('×', '').strip()</arg>
<doc>Evaluates the given expression in Python and returns the result.</doc>
<status status="PASS" start="2026-01-31T02:46:39.822801" elapsed="0.000574"/>
</kw>
<kw name="Should Be Equal As Strings" owner="BuiltIn">
<arg>first=${Actual_Alert_Text}</arg>
<arg>second=${LABEL_ALERT_LOGOUT_SUCCESS}</arg>
<arg>msg=❌ Alert text did not match\nExpected text: ${LABEL_ALERT_LOGOUT_SUCCESS}\nActual text: ${Actual_Alert_Text}\n</arg>
<doc>Fails if objects are unequal after converting them to strings.</doc>
<status status="PASS" start="2026-01-31T02:46:39.823487" elapsed="0.000468"/>
</kw>
<status status="PASS" start="2026-01-31T02:46:39.787689" elapsed="0.036425"/>
</kw>
<kw name="Close Browser" owner="Browser">
<msg time="2026-01-31T02:46:39.902189" level="INFO">Closed browser</msg>
<tag>BrowserControl</tag>
<tag>Setter</tag>
<doc>Closes the current browser.</doc>
<status status="PASS" start="2026-01-31T02:46:39.824284" elapsed="0.078046"/>
</kw>
<doc>Owner : Tawan Duangchit
|    ***| Objective |***
|    To verify that users can login successfully when input a correct username and password
==&gt;</doc>
<status status="PASS" start="2026-01-31T02:46:32.028058" elapsed="7.874584"/>
</test>
<status status="PASS" start="2026-01-31T02:46:31.664989" elapsed="8.244570"/>
</suite>
<statistics>
<total>
<stat pass="1" fail="0" skip="0">All Tests</stat>
</total>
<tag>
</tag>
<suite>
<stat name="TEST1" id="s1" pass="1" fail="0" skip="0">TEST1</stat>
</suite>
</statistics>
<errors>
<msg time="2026-01-31T02:46:32.030314" level="WARN">Open Browser is for quick experimentation and debugging only. Use New Page for production.</msg>
</errors>
</robot>
